0000000000000000 T __code_start
0000000000000000 A __start__
0000000000000000 T _start
0000000000000000 b _TLS_MODULE_BASE_
0000000000000000 0000000000000004 b g_fsPriority
0000000000000004 0000000000000004 b fsdev_last_result
0000000000000008 0000000000000401 B __nx_dev_path_buf
0000000000000080 t startup
00000000000000a4 t bssclr_start
00000000000000cc t bss_loop
0000000000000120 T __nx_exit
0000000000000130 T __nx_mod0
0000000000000158 T _init
00000000000001c0 0000000000000038 T exit
0000000000000200 0000000000000008 T main
0000000000000208 t deregister_tm_clones
0000000000000238 t register_tm_clones
0000000000000278 t __do_global_dtors_aux
00000000000002c0 t frame_dummy
0000000000000300 0000000000000030 T __libnx_initheap
0000000000000330 000000000000009c W __appInit
00000000000003d0 000000000000001c W __appExit
00000000000003f0 00000000000000ec t _hidCmdWithNoInput
00000000000004e0 0000000000000104 t _hidCmdWithInputU32
00000000000005f0 00000000000000f8 t _hidCreateAppletResource.constprop.0
00000000000006f0 00000000000000c4 t _hidCmdGetHandle.isra.0.constprop.0
00000000000007c0 00000000000000f4 t _hidCmdWithInputU64.constprop.0
00000000000008c0 00000000000001f8 T hidReset
0000000000000ac0 0000000000000008 T hidSetSupportedNpadStyleSet
0000000000000ad0 0000000000000190 T hidSetSupportedNpadIdType
0000000000000c60 0000000000000008 T hidSetNpadJoyHoldType
0000000000000c70 0000000000000020 T hidSetNpadJoyAssignmentModeDual
0000000000000c90 0000000000000080 T hidFinalizeSevenSixAxisSensor
0000000000000d10 0000000000000100 t _hidCleanup
0000000000000e10 00000000000001d8 T hidInitialize
0000000000000ff0 0000000000000044 T hidExit
0000000000001040 00000000000001dc t _viCleanup
0000000000001220 00000000000000e4 t _viCmdGetSessionNoParams.constprop.0
0000000000001310 00000000000000e0 t _viCmdGetSession.constprop.0
00000000000013f0 0000000000000260 T viInitialize
0000000000001650 0000000000000068 t _hiddbgCleanup
00000000000016c0 00000000000000a0 T hiddbgInitialize
0000000000001760 00000000000001a0 t _fatalCmd
0000000000001900 000000000000000c T fatalThrowWithPolicy
0000000000001910 0000000000000014 T fatalSimple
0000000000001910 0000000000000014 T fatalThrow
0000000000001930 00000000000000d0 t _setsysGetFirmwareVersionImpl
0000000000001a00 0000000000000068 t _setsysCleanup
0000000000001a70 00000000000000a0 T setsysInitialize
0000000000001b10 0000000000000044 T setsysExit
0000000000001b60 0000000000000044 T setsysGetFirmwareVersion
0000000000001bb0 0000000000000068 t _smCleanup
0000000000001c20 0000000000000048 T smAddOverrideHandle
0000000000001c70 0000000000000054 T smGetServiceOverride
0000000000001cd0 0000000000000044 T smExit
0000000000001d20 00000000000000cc T smGetServiceOriginal
0000000000001df0 000000000000027c T smInitialize
0000000000002070 0000000000000110 T smGetServiceWrapper
0000000000002180 00000000000000b4 t _fsCleanup
0000000000002240 00000000000001dc t _fsCmdNoIO
0000000000002420 00000000000001d4 t _fsFsCmdWithInPath
0000000000002600 00000000000001fc t _fsFsCmdWithTwoInPaths
0000000000002800 000000000000022c t _fsFsOpenCommon
0000000000002a30 00000000000001f0 t _fsFsCmdWithInPathAndOutU64
0000000000002c20 00000000000000f4 t _fsObjectClose
0000000000002d20 000000000000016c t _fsCmdGetSession.constprop.0
0000000000002e90 000000000000030c T fsInitialize
00000000000031a0 0000000000000044 T fsExit
00000000000031f0 0000000000000008 T fsOpenSdCardFileSystem
0000000000003200 00000000000001e4 T fsFsCreateFile
00000000000033f0 0000000000000008 T fsFsDeleteFile
0000000000003400 0000000000000008 T fsFsCreateDirectory
0000000000003410 0000000000000008 T fsFsDeleteDirectory
0000000000003420 0000000000000008 T fsFsRenameFile
0000000000003430 0000000000000008 T fsFsRenameDirectory
0000000000003440 00000000000001e8 T fsFsGetEntryType
0000000000003630 0000000000000008 T fsFsOpenFile
0000000000003640 0000000000000008 T fsFsOpenDirectory
0000000000003650 0000000000000008 T fsFsGetFreeSpace
0000000000003660 0000000000000008 T fsFsGetTotalSpace
0000000000003670 000000000000022c T fsFsGetFileTimeStampRaw
00000000000038a0 0000000000000004 T fsFsClose
00000000000038b0 0000000000000218 T fsFileRead
0000000000003ad0 0000000000000208 T fsFileWrite
0000000000003ce0 0000000000000008 T fsFileFlush
0000000000003cf0 00000000000001e0 T fsFileSetSize
0000000000003ed0 00000000000001f0 T fsFileGetSize
00000000000040c0 0000000000000004 T fsFileClose
00000000000040d0 0000000000000004 T fsDirClose
00000000000040e0 0000000000000200 T fsDirRead
00000000000042e0 0000000000000010 T hosversionGet
00000000000042f0 0000000000000010 T hosversionSet
0000000000004300 0000000000000014 t fsdev_link
0000000000004320 0000000000000014 t fsdev_dirreset
0000000000004340 0000000000000014 t fsdev_chmod
0000000000004360 000000000000001c t error_cmp
0000000000004380 000000000000005c t fsdev_translate_error
00000000000043e0 0000000000000040 t fsdev_fsync
0000000000004420 0000000000000058 t fsdev_ftruncate
0000000000004480 0000000000000020 t fsdev_dirclose
00000000000044a0 000000000000001c t fsdev_close
00000000000044c0 0000000000000080 t fsdev_converttimetoutc
0000000000004540 00000000000000d0 t fsdev_fstat
0000000000004610 00000000000000b0 t fsdev_seek
00000000000046c0 000000000000010c t fsdev_read_safe.isra.0
00000000000047d0 00000000000000c4 t fsdev_read
00000000000048a0 00000000000000fc t fsdev_write_safe.isra.0
00000000000049a0 00000000000000e0 t fsdev_write
0000000000004a80 00000000000000b8 t fsdevFindDevice.part.0
0000000000004b40 0000000000000214 t fsdev_getfspath
0000000000004d60 0000000000000078 t fsdev_rmdir
0000000000004de0 00000000000000cc t fsdev_statvfs
0000000000004eb0 00000000000000f0 t fsdev_diropen
0000000000004fa0 0000000000000078 t fsdev_mkdir
0000000000005020 0000000000000104 t fsdev_rename
0000000000005130 0000000000000114 t fsdev_chdir
0000000000005250 0000000000000078 t fsdev_unlink
00000000000052d0 00000000000001c8 t fsdev_stat
00000000000054a0 0000000000000190 t fsdev_open
0000000000005630 00000000000000a8 t _fsdevUnmountDeviceStruct.part.0
00000000000056e0 0000000000000180 t fsdev_dirnext
0000000000005860 0000000000000014 t fsdev_fchmod
0000000000005880 00000000000001c8 T fsdevMountDevice
0000000000005a50 0000000000000048 T fsdevMountSdmc
0000000000005aa0 0000000000000064 T fsdevUnmountAll
0000000000005b10 000000000000012c T decode_utf8
0000000000005c3c T svcUnmapMemory
0000000000005c44 T svcQueryMemory
0000000000005c58 T svcExitProcess
0000000000005c60 T svcSleepThread
0000000000005c68 T svcMapSharedMemory
0000000000005c70 T svcUnmapSharedMemory
0000000000005c78 T svcCloseHandle
0000000000005c80 T svcArbitrateLock
0000000000005c88 T svcArbitrateUnlock
0000000000005c90 T svcWaitProcessWideKeyAtomic
0000000000005c98 T svcSignalProcessWideKey
0000000000005ca0 T svcConnectToNamedPort
0000000000005cb4 T svcSendSyncRequest
0000000000005cbc T svcBreak
0000000000005cc4 T svcReturnFromException
0000000000005ccc T svcGetInfo
0000000000005ce0 T svcUnmapTransferMemory
0000000000005ce8 T __aarch64_read_tp
0000000000005d00 000000000000017c T detectKernelVersion
0000000000005e80 0000000000000030 T detectDebugger
0000000000005eb0 0000000000000014 T shmemLoadRemote
0000000000005ed0 0000000000000084 T shmemMap
0000000000005f60 0000000000000058 T shmemUnmap
0000000000005fc0 0000000000000044 T shmemClose
0000000000006010 00000000000000a4 T rwlockWriteLock
00000000000060c0 0000000000000078 T rwlockWriteUnlock
0000000000006140 0000000000000058 T tmemUnmap
00000000000061a0 0000000000000068 T tmemClose
0000000000006210 000000000000008c T mutexLock
00000000000062a0 0000000000000030 T mutexUnlock
00000000000062d0 000000000000004c T rmutexLock
0000000000006320 000000000000001c T rmutexUnlock
0000000000006340 000000000000007c t _GetRegionFromInfo.isra.0
00000000000063c0 0000000000000114 T virtmemSetup
00000000000064e0 0000000000000124 T virtmemReserve
0000000000006610 0000000000000004 T virtmemFree
0000000000006620 0000000000000060 T condvarWaitTimeout
0000000000006680 0000000000000180 T sessionmgrCreate
0000000000006800 0000000000000084 T sessionmgrClose
0000000000006890 00000000000000a4 T sessionmgrAttachClient
0000000000006940 0000000000000074 T sessionmgrDetachClient
00000000000069c0 0000000000000028 T appletGetAppletResourceUserId
00000000000069f0 0000000000000100 T timeToPosixTimeWithMyRule
0000000000006af0 00000000000000a0 T __nx_dynamic
0000000000006b90 0000000000000028 W __libnx_init
0000000000006bc0 0000000000000020 W __libnx_exit
0000000000006be0 0000000000000234 T envSetup
0000000000006e20 0000000000000020 T envGetMainThreadHandle
0000000000006e40 000000000000000c T envIsNso
0000000000006e50 0000000000000014 T envHasArgv
0000000000006e70 000000000000000c T envGetArgv
0000000000006e80 000000000000000c T envGetExitFuncPtr
0000000000006e90 000000000000001c T __syscall_exit
0000000000006eb0 0000000000000034 T __syscall_getreent
0000000000006ef0 0000000000000004 T __syscall_lock_acquire_recursive
0000000000006f00 0000000000000004 T __syscall_lock_release_recursive
0000000000006f10 0000000000000084 T newlibSetup
0000000000006fa0 0000000000000328 T argvSetup
00000000000072c8 W __libnx_exception_entry
0000000000007354 t __libnx_exception_entry_start
000000000000747c t __libnx_exception_entry_abort
0000000000007480 t __libnx_exception_entry_end
0000000000007488 T __libnx_exception_returnentry
00000000000074a0 00000000000000c4 T nxlinkSetup
0000000000007568 00000000000000b8 T bsearch
0000000000007620 000000000000004c T __libc_fini_array
0000000000007670 000000000000002c T gmtime
00000000000076a0 000000000000029c T gmtime_r
0000000000007940 000000000000009c T __libc_init_array
00000000000079e0 0000000000000024 T malloc
0000000000007a08 0000000000000024 T free
0000000000007a30 0000000000000874 T _malloc_r
00000000000082c0 000000000000016c T memcpy
0000000000008440 00000000000001dc T memset
0000000000008620 000000000000000c T __malloc_lock
0000000000008630 000000000000000c T __malloc_unlock
000000000000863c 00000000000000dc T strchr
0000000000008740 00000000000000e4 T strcmp
0000000000008840 0000000000000140 T strlen
0000000000008980 0000000000000084 T strncat
0000000000008a5c 00000000000001b8 T strncmp
0000000000008c18 000000000000009c T strncpy
0000000000008ce4 00000000000000e0 T strnlen
0000000000008da0 00000000000001ac t _strtoul_l.isra.0
0000000000008f50 0000000000000048 T strtoul
0000000000008f98 000000000000012c T __call_exitprocs
00000000000090c8 0000000000000118 T _malloc_trim_r
00000000000091e0 0000000000000300 T _free_r
00000000000094e0 0000000000000008 t null_write
00000000000094e8 0000000000000018 T setDefaultDevice
0000000000009500 0000000000000108 T FindDevice
0000000000009608 0000000000000034 T RemoveDevice
0000000000009640 00000000000000dc T AddDevice
0000000000009720 0000000000000034 T GetDeviceOpTab
0000000000009758 0000000000000078 T _sbrk_r
00000000000097d0 0000000000000020 T _exit
00000000000097f0 0000000000000014 T __libc_lock_acquire_recursive
0000000000009808 0000000000000014 T __libc_lock_release_recursive
0000000000009820 0000000000000020 T __getreent
0000000000009840 T _fini
000000000000a000 R __rodata_start
000000000000a068 0000000000000020 r error_table
000000000000a098 0000000000000101 R _ctype_
000000000000a1a0 r __EH_FRAME_BEGIN__
000000000000a1a0 R __eh_frame_hdr_end
000000000000a1a0 R __eh_frame_hdr_start
000000000000c2bc r __FRAME_END__
000000000000c2c0 a _DYNAMIC
000000000000f000 R __data_start
000000000000f000 t __frame_dummy_init_array_entry
000000000000f000 T __init_array_start
000000000000f000 B __preinit_array_end
000000000000f000 B __preinit_array_start
000000000000f000 D __tdata_lma
000000000000f000 D __tdata_lma_end
000000000000f008 t __do_global_dtors_aux_fini_array_entry
000000000000f008 T __fini_array_start
000000000000f008 T __init_array_end
000000000000f010 T __fini_array_end
000000000000f010 T __got_start__
000000000000f010 a _GLOBAL_OFFSET_TABLE_
000000000000f190 D __got_end__
000000000000f190 0000000000000008 D nx_inner_heap_size
000000000000f198 0000000000000004 D __nx_applet_type
000000000000f19c 0000000000000004 d g_viServiceType
000000000000f1a0 0000000000000004 V __nx_fs_num_sessions
000000000000f1a4 0000000000000004 V __nx_fsdev_direntry_cache_size
000000000000f1a8 0000000000000001 V __nx_fsdev_support_cwd
000000000000f1b0 00000000000000e0 d fsdev_devoptab
000000000000f290 0000000000000008 V __nx_exception_stack_size
000000000000f298 0000000000000008 D _impure_ptr
000000000000f2a0 0000000000000768 d impure_data
000000000000fa08 0000000000000008 D _global_impure_ptr
000000000000fa10 0000000000000008 D __malloc_sbrk_base
000000000000fa18 0000000000000008 D __malloc_trim_threshold
000000000000fa20 0000000000000810 D __malloc_av_
0000000000010230 0000000000000004 d defaultDevice
0000000000010238 0000000000000080 D devoptab_list
00000000000102b8 00000000000000e0 D dotab_stdnull
0000000000010398 D __bss_start__
0000000000010398 D __TMC_END__
0000000000010398 b completed.8111
00000000000103a0 b object.8116
00000000000103d0 0000000000080000 B nx_inner_heap
00000000000903d0 0000000000000004 B frameCount
00000000000903d8 000000000000000c B vsync_event
00000000000903e8 0000000000000050 b g_controllerDown
0000000000090438 00000000000001e0 b g_controllerEntries
0000000000090618 0000000000000190 b g_controllerHeaders
00000000000907a8 0000000000000050 b g_controllerHeld
00000000000907f8 0000000000000028 b g_controllerLayout
0000000000090820 0000000000000500 b g_controllerMisc
0000000000090d20 0000000000000050 b g_controllerOld
0000000000090d70 0000000000000004 b g_controllerP1AutoID
0000000000090d78 0000000000000050 b g_controllerTimestamps
0000000000090dc8 0000000000000050 b g_controllerUp
0000000000090e18 0000000000000008 b g_hidGuard
0000000000090e20 0000000000000010 b g_hidIAppletResource
0000000000090e30 0000000000000020 b g_hidLock
0000000000090e50 0000000000000020 b g_hidSharedmem
0000000000090e70 0000000000000010 b g_hidSrv
0000000000090e80 0000000000000020 b g_keyboardDown
0000000000090ea0 0000000000000038 b g_keyboardEntry
0000000000090ed8 0000000000000020 b g_keyboardHeld
0000000000090ef8 0000000000000008 b g_keyboardModDown
0000000000090f00 0000000000000008 b g_keyboardModHeld
0000000000090f08 0000000000000008 b g_keyboardModOld
0000000000090f10 0000000000000008 b g_keyboardModUp
0000000000090f18 0000000000000020 b g_keyboardOld
0000000000090f38 0000000000000008 b g_keyboardTimestamp
0000000000090f40 0000000000000020 b g_keyboardUp
0000000000090f60 0000000000000400 b g_mouse
0000000000091360 0000000000000008 b g_mouseDown
0000000000091368 0000000000000008 b g_mouseEntry
0000000000091370 0000000000000008 b g_mouseHeld
0000000000091378 0000000000000008 b g_mouseOld
0000000000091380 0000000000000008 b g_mouseTimestamp
0000000000091388 0000000000000008 b g_mouseUp
0000000000091390 0000000000000008 b g_sevenSixAxisSensorBuffer
0000000000091398 0000000000000028 b g_sevenSixAxisSensorTmem0
00000000000913c0 0000000000000028 b g_sevenSixAxisSensorTmem1
00000000000913e8 000000000000000a b g_sixaxisEnabled
00000000000913f8 0000000000004650 b g_sixaxisLayouts
0000000000095a48 0000000000000298 b g_touchEntry
0000000000095ce0 0000000000000008 b g_touchTimestamp
0000000000095ce8 0000000000000008 b g_viGuard
0000000000095cf0 0000000000000010 b g_viIApplicationDisplayService
0000000000095d00 0000000000000010 b g_viIHOSBinderDriverIndirect
0000000000095d10 0000000000000010 b g_viIHOSBinderDriverRelay
0000000000095d20 0000000000000010 b g_viIManagerDisplayService
0000000000095d30 0000000000000010 b g_viISystemDisplayService
0000000000095d40 0000000000000008 b g_hiddbgGuard
0000000000095d48 0000000000000010 b g_hiddbgSrv
0000000000095d58 0000000000000008 b g_setsysGuard
0000000000095d60 0000000000000010 b g_setsysSrv
0000000000095d70 0000000000000008 b g_smGuard
0000000000095d78 0000000000000180 b g_smOverrides
0000000000095ef8 0000000000000008 b g_smOverridesNum
0000000000095f00 0000000000000010 b g_smSrv
0000000000095f10 0000000000000008 b g_fsGuard
0000000000095f18 0000000000000054 b g_fsSessionMgr
0000000000095f70 0000000000000010 b g_fsSrv
0000000000095f80 0000000000000004 b g_hosVersion
0000000000095f84 0000000000000004 b fsdev_fsdevice_cwd
0000000000095f88 0000000000002400 b fsdev_fsdevices
0000000000098388 0000000000000001 b fsdev_initialised
000000000009838c 0000000000000004 b g_Version
0000000000098390 0000000000000001 b g_VersionCached
0000000000098394 0000000000000004 b g_VersionMutex
0000000000098398 0000000000000010 b g_AddressSpace
00000000000983a8 0000000000000008 b g_CurrentAddr
00000000000983b0 0000000000000030 b g_Region
00000000000983e0 0000000000000004 b g_VirtMemMutex
00000000000983e8 0000000000000008 b g_appletResourceUserId
00000000000983f0 0000000000000010 b g_appletSrv
0000000000098400 0000000000000010 b g_timeTimeZoneService
0000000000098410 0000000000000004 V __nx_exception_ignoredebug
0000000000098420 0000000000000400 V __nx_exception_stack
0000000000098820 0000000000000001 b g_hasRandomSeed
0000000000098821 0000000000000001 b g_isNso
0000000000098824 0000000000000004 b g_lastLoadResult
0000000000098828 0000000000000008 b g_loaderInfo
0000000000098830 0000000000000008 b g_loaderInfoSize
0000000000098838 0000000000000008 b g_loaderRetAddr
0000000000098840 0000000000000004 b g_mainThreadHandle
0000000000098848 0000000000000008 b g_nextLoadArgv
0000000000098850 0000000000000008 b g_nextLoadPath
0000000000098858 0000000000000008 b g_overrideArgv
0000000000098860 0000000000000008 b g_overrideHeapAddr
0000000000098868 0000000000000008 b g_overrideHeapSize
0000000000098870 0000000000000004 b g_processHandle
0000000000098878 0000000000000010 b g_randomSeed
0000000000098888 0000000000000010 b g_syscallHints
0000000000098898 0000000000000008 b g_userIdStorage
00000000000988a0 0000000000000008 b g_argv_empty
00000000000988a8 0000000000000028 B __malloc_current_mallinfo
00000000000988d0 0000000000000008 B __malloc_max_sbrked_mem
00000000000988d8 0000000000000008 B __malloc_max_total_mem
00000000000988e0 0000000000000008 B __malloc_top_pad
00000000000988e8 000000000000000c b __malloc_recursive_mutex
00000000000988f8 000000000000000c B __atexit_recursive_mutex
0000000000098908 0000000000000008 b heap_start.5367
0000000000098910 0000000000000008 B fake_heap_end
0000000000098918 0000000000000008 B fake_heap_start
0000000000098920 0000000000000340 B __nx_exceptiondump
0000000000098c60 0000000000000008 B __stack_top
0000000000098c68 0000000000000008 B __system_argv
0000000000098c70 0000000000000004 B __system_argc
0000000000098c78 0000000000000004 B __nxlink_host
0000000000098c80 B __tls_start
0000000000099090 B __bss_end__
0000000000099090 A __end__
0000000000099090 B __tls_end
000000000009a000 A __argdata__
